[debug] [2022-03-14T15:19:55.464Z] ----------------------------------------------------------------------
[debug] [2022-03-14T15:19:55.465Z] Command:       /opt/homebrew/Cellar/node@14/14.18.3/bin/node /opt/homebrew/bin/firebase init hosting
[debug] [2022-03-14T15:19:55.465Z] CLI Version:   10.2.2
[debug] [2022-03-14T15:19:55.465Z] Platform:      darwin
[debug] [2022-03-14T15:19:55.465Z] Node Version:  v14.18.3
[debug] [2022-03-14T15:19:55.466Z] Time:          Mon Mar 14 2022 23:19:55 GMT+0800 (Singapore Standard Time)
[debug] [2022-03-14T15:19:55.466Z] ----------------------------------------------------------------------
[debug] 
[debug] [2022-03-14T15:19:55.497Z] > command requires scopes: ["email","openid","https://www.googleapis.com/auth/cloudplatformprojects.readonly","https://www.googleapis.com/auth/firebase","https://www.googleapis.com/auth/cloud-platform"]
[debug] [2022-03-14T15:19:55.497Z] > authorizing via signed-in user (chooyenyen0906@gmail.com)
[info] 
     ######## #### ########  ######## ########     ###     ######  ########
     ##        ##  ##     ## ##       ##     ##  ##   ##  ##       ##
     ######    ##  ########  ######   ########  #########  ######  ######
     ##        ##  ##    ##  ##       ##     ## ##     ##       ## ##
     ##       #### ##     ## ######## ########  ##     ##  ######  ########

You're about to initialize a Firebase project in this directory:

  /Users/yenyen_choo/coding/junyi-wedding/wedding

Before we get started, keep in mind:

  * You are initializing within an existing Firebase project directory

[info] 
=== Project Setup
[info] 
[info] First, let's associate this project directory with a Firebase project.
[info] You can create multiple project aliases by running firebase use --add, 
[info] but for now we'll just set up a default project.
[info] 
[debug] [2022-03-14T15:19:55.498Z] Using project from CLI flag: yeongli-wedding
[debug] [2022-03-14T15:19:55.500Z] >>> [apiv2][query] GET https://firebase.googleapis.com/v1beta1/projects/yeongli-wedding [none]
[debug] [2022-03-14T15:19:55.927Z] <<< [apiv2][status] GET https://firebase.googleapis.com/v1beta1/projects/yeongli-wedding 200
[debug] [2022-03-14T15:19:55.927Z] <<< [apiv2][body] GET https://firebase.googleapis.com/v1beta1/projects/yeongli-wedding {"projectId":"yeongli-wedding","projectNumber":"593767019305","displayName":"yeongli-wedding","name":"projects/yeongli-wedding","resources":{"hostingSite":"yeongli-wedding","storageBucket":"yeongli-wedding.appspot.com","locationId":"us-central"},"state":"ACTIVE"}
[info] i  Using project yeongli-wedding (yeongli-wedding) 
[info] 
=== Hosting Setup
[info] 
[info] Your public directory is the folder (relative to your project directory) that
[info] will contain Hosting assets to be uploaded with firebase deploy. If you
[info] have a build process for your assets, use your build's output directory.
[info] 
[info] ✔  Wrote public/404.html 
[debug] [2022-03-14T15:21:02.300Z] >>> [apiv2][query] GET https://www.gstatic.com/firebasejs/releases.json [none]
[debug] [2022-03-14T15:21:02.355Z] <<< [apiv2][status] GET https://www.gstatic.com/firebasejs/releases.json 200
[debug] [2022-03-14T15:21:02.355Z] <<< [apiv2][body] GET https://www.gstatic.com/firebasejs/releases.json {"current":{"version":"9.6.8","browserURL":"https://www.gstatic.com/firebasejs/9.6.8/firebase.js","packageURL":"https://www.gstatic.com/firebasejs/9.6.8/firebase.tgz"},"live":{"version":"9.6","browserURL":"https://www.gstatic.com/firebasejs/live/9.6/firebase.js","packageURL":"https://www.gstatic.com/firebasejs/live/9.6/firebase.tgz"},"components":{"analytics":"https://www.gstatic.com/firebasejs/9.6.8/firebase-analytics.js","app":"https://www.gstatic.com/firebasejs/9.6.8/firebase-app.js","app-check":"https://www.gstatic.com/firebasejs/9.6.8/firebase-app-check.js","auth":"https://www.gstatic.com/firebasejs/9.6.8/firebase-auth.js","auth/cordova":"https://www.gstatic.com/firebasejs/9.6.8/firebase-auth/cordova.js","auth/react-native":"https://www.gstatic.com/firebasejs/9.6.8/firebase-auth/react-native.js","functions":"https://www.gstatic.com/firebasejs/9.6.8/firebase-functions.js","firestore":"https://www.gstatic.com/firebasejs/9.6.8/firebase-firestore.js","firestore/lite":"https://www.gstatic.com/firebasejs/9.6.8/firebase-firestore/lite.js","storage":"https://www.gstatic.com/firebasejs/9.6.8/firebase-storage.js","performance":"https://www.gstatic.com/firebasejs/9.6.8/firebase-performance.js","remote-config":"https://www.gstatic.com/firebasejs/9.6.8/firebase-remote-config.js","messaging":"https://www.gstatic.com/firebasejs/9.6.8/firebase-messaging.js","messaging/sw":"https://www.gstatic.com/firebasejs/9.6.8/firebase-messaging/sw.js","database":"https://www.gstatic.com/firebasejs/9.6.8/firebase-database.js","firestore.memory":"https://www.gstatic.com/firebasejs/9.6.8/firebase-firestore.memory.js"}}
[info] ✔  Wrote public/index.html 
[info] 
[info] i  Detected a .git folder at /Users/yenyen_choo/coding/junyi-wedding/wedding 
[info] i  Authorizing with GitHub to upload your service account to a GitHub repository's secrets store. 
[info] 
[info] Visit this URL on this device to log in:
[info] https://github.com/login/oauth/authorize?client_id=89cf50f02ac6aaed3484&state=155955148&redirect_uri=http%3A%2F%2Flocalhost%3A9005&scope=read%3Auser%20repo%20public_repo
[info] 
[info] Waiting for authentication...
[debug] [2022-03-14T15:21:36.382Z] >>> HTTP REQUEST POST https://github.com/login/oauth/access_token  
 {"client_id":"89cf50f02ac6aaed3484","client_secret":"3330d14abc895d9a74d5f17cd7a00711fa2c5bf0","code":"3d4996d91507dde06c1b","redirect_uri":"http://localhost:9005","state":"155955148"}
[debug] [2022-03-14T15:21:36.788Z] <<< HTTP RESPONSE 200 {"server":"GitHub.com","date":"Mon, 14 Mar 2022 15:21:36 GMT","content-type":"application/json; charset=utf-8","transfer-encoding":"chunked","vary":"X-PJAX, X-PJAX-Container, Accept-Encoding, Accept, X-Requested-With","permissions-policy":"interest-cohort=()","etag":"W/\"7b8a4390de12abdafe43ea9afc91742c\"","cache-control":"max-age=0, private, must-revalidate","strict-transport-security":"max-age=31536000; includeSubdomains; preload","x-frame-options":"deny","x-content-type-options":"nosniff","x-xss-protection":"0","referrer-policy":"origin-when-cross-origin, strict-origin-when-cross-origin","expect-ct":"max-age=2592000, report-uri=\"https://api.github.com/_private/browser/errors\"","content-security-policy":"default-src 'none'; base-uri 'self'; block-all-mixed-content; child-src github.com/assets-cdn/worker/ gist.github.com/assets-cdn/worker/; connect-src 'self' uploads.github.com objects-origin.githubusercontent.com www.githubstatus.com collector.githubapp.com collector.github.com api.github.com github-cloud.s3.amazonaws.com github-production-repository-file-5c1aeb.s3.amazonaws.com github-production-upload-manifest-file-7fdce7.s3.amazonaws.com github-production-user-asset-6210df.s3.amazonaws.com cdn.optimizely.com logx.optimizely.com/v1/events translator.github.com wss://alive.github.com; font-src github.githubassets.com; form-action 'self' github.com gist.github.com objects-origin.githubusercontent.com; frame-ancestors 'none'; frame-src render.githubusercontent.com viewscreen.githubusercontent.com notebooks.githubusercontent.com; img-src 'self' data: github.githubassets.com identicons.github.com collector.githubapp.com collector.github.com github-cloud.s3.amazonaws.com secured-user-images.githubusercontent.com/ *.githubusercontent.com; manifest-src 'self'; media-src github.com user-images.githubusercontent.com/; script-src github.githubassets.com; style-src 'unsafe-inline' github.githubassets.com; worker-src github.com/assets-cdn/worker/ gist.github.com/assets-cdn/worker/","x-github-request-id":"D9D8:0B4F:36272:179150:622F5D80"}
[debug] [2022-03-14T15:21:36.798Z] >>> [apiv2][query] GET https://api.github.com/user [none]
[debug] [2022-03-14T15:21:37.212Z] <<< [apiv2][status] GET https://api.github.com/user 200
[debug] [2022-03-14T15:21:37.212Z] <<< [apiv2][body] GET https://api.github.com/user {"login":"trueice0906","id":65486758,"node_id":"MDQ6VXNlcjY1NDg2NzU4","avatar_url":"https://avatars.githubusercontent.com/u/65486758?v=4","gravatar_id":"","url":"https://api.github.com/users/trueice0906","html_url":"https://github.com/trueice0906","followers_url":"https://api.github.com/users/trueice0906/followers","following_url":"https://api.github.com/users/trueice0906/following{/other_user}","gists_url":"https://api.github.com/users/trueice0906/gists{/gist_id}","starred_url":"https://api.github.com/users/trueice0906/starred{/owner}{/repo}","subscriptions_url":"https://api.github.com/users/trueice0906/subscriptions","organizations_url":"https://api.github.com/users/trueice0906/orgs","repos_url":"https://api.github.com/users/trueice0906/repos","events_url":"https://api.github.com/users/trueice0906/events{/privacy}","received_events_url":"https://api.github.com/users/trueice0906/received_events","type":"User","site_admin":false,"name":"Yen","company":null,"blog":"","location":null,"email":"yenyen_0906@hotmail.com","hireable":null,"bio":null,"twitter_username":null,"public_repos":7,"public_gists":0,"followers":0,"following":0,"created_at":"2020-05-17T08:55:05Z","updated_at":"2022-03-03T16:36:05Z","private_gists":0,"total_private_repos":2,"owned_private_repos":1,"disk_usage":12721,"collaborators":0,"two_factor_authentication":false,"plan":{"name":"pro","space":976562499,"collaborators":0,"private_repos":9999}}
[info] 
[info] ✔  Success! Logged into GitHub as trueice0906 
[info] 
